<?xml version="1.0" encoding="UTF-8" ?>
<testsuite errors="0" failures="0" hostname="TABLET02" name="edu.hawaii.myisern.example.TestMyIsernGui" tests="2" time="2.109" timestamp="2007-10-22T02:52:13">
  <properties>
    <property name="ant.file.pmd" value="C:\projects\svn-google\myisern-1-blue\pmd.build.xml" />
    <property name="file.encoding.pkg" value="sun.io" />
    <property name="env.PROMPT" value="$P$G" />
    <property name="findbugs.failOnError" value="true" />
    <property name="java.home" value="C:\Program Files\Java\jdk1.6.0_03\jre" />
    <property name="emma.lib.dir" value="C:\javatools\emma-2.0.5312\emma-2.0.5312/lib" />
    <property name="env.SCLC_HOME" value="C:\javatools\sclc-2.5.525\sclc-2.5.525" />
    <property name="java.endorsed.dirs" value="C:\Program Files\Java\jdk1.6.0_03\jre\lib\endorsed" />
    <property name="env.USERNAME" value="User" />
    <property name="majorVersionNumber" value="1" />
    <property name="env.FINDBUGS_HOME" value="C:\javatools\findbugs-1.2.1\findbugs-1.2.1" />
    <property name="src.dir" value="C:\projects\svn-google\myisern-1-blue\src" />
    <property name="sun.os.patch.level" value="Service Pack 2" />
    <property name="java.vendor.url" value="http://java.sun.com/" />
    <property name="env.COMPUTERNAME" value="TABLET02" />
    <property name="java.version" value="1.6.0_03" />
    <property name="httpunit.jar" value="c:\javatools\httpunit-1.6.2\httpunit-1.6.2\lib\httpunit.jar" />
    <property name="findbugs.available" value="true" />
    <property name="java.vendor.url.bug" value="http://java.sun.com/cgi-bin/bugreport.cgi" />
    <property name="env.USERPROFILE" value="C:\Documents and Settings\User" />
    <property name="xml.dir" value="C:\projects\svn-google\myisern-1-blue\xml" />
    <property name="javadoc.dir" value="C:\projects\svn-google\myisern-1-blue\build\javadoc" />
    <property name="env.SystemRoot" value="C:\WINDOWS" />
    <property name="user.name" value="User" />
    <property name="DAYSTAMP" value="1021" />
    <property name="env.SWT_HOME" value="C:\javatools\swt-3.3-win32-win32-x86" />
    <property name="swt.jar" value="C:\javatools\swt-3.3-win32-win32-x86\swt.jar" />
    <property name="sun.io.unicode.encoding" value="UnicodeLittle" />
    <property name="ant.file.validateXml" value="C:\projects\svn-google\myisern-1-blue\validateXml.build.xml" />
    <property name="sun.jnu.encoding" value="Cp1252" />
    <property name="java.runtime.name" value="Java(TM) SE Runtime Environment" />
    <property name="emma.coverage.out.file" value="C:\projects\svn-google\myisern-1-blue\build/emma/coverage.emma" />
    <property name="pmd.failonerror" value="true" />
    <property name="lib.dir" value="C:\projects\svn-google\myisern-1-blue\lib" />
    <property name="java.specification.name" value="Java Platform API Specification" />
    <property name="user.timezone" value="" />
    <property name="path.separator" value=";" />
    <property name="pmd.jar" value="pmd-4.0.jar" />
    <property name="env.PROCESSOR_IDENTIFIER" value="x86 Family 6 Model 14 Stepping 8, GenuineIntel" />
    <property name="env._JAVACMD" value="C:\Program Files\Java\jdk1.6.0_03\bin\java.exe" />
    <property name="env.CHECKSTYLE_HOME" value="C:\javatools\checkstyle-4.3\checkstyle-4.3" />
    <property name="file.encoding" value="Cp1252" />
    <property name="junit.haltonfailure" value="true" />
    <property name="env.NUMBER_OF_PROCESSORS" value="2" />
    <property name="env.APPDATA" value="C:\Documents and Settings\User\Application Data" />
    <property name="ant.file" value="C:\projects\svn-google\myisern-1-blue\verify.build.xml" />
    <property name="junit.available" value="true" />
    <property name="findbugs.dir" value="C:\projects\svn-google\myisern-1-blue\build\findbugs" />
    <property name="java.io.tmpdir" value="C:\DOCUME~1\User\LOCALS~1\Temp\" />
    <property name="env.PMD_HOME" value="C:\javatools\pmd-bin-4.0\pmd-4.0" />
    <property name="checkstyle.available" value="true" />
    <property name="TODAY" value="October 21 2007" />
    <property name="pmd.version" value="4.0" />
    <property name="user.language" value="en" />
    <property name="env.SystemDrive" value="C:" />
    <property name="line.separator" value="
" />
    <property name="java.vm.info" value="mixed mode, sharing" />
    <property name="sun.desktop" value="windows" />
    <property name="java.vm.specification.name" value="Java Virtual Machine Specification" />
    <property name="version" value="1.1.1021" />
    <property name="env.PATHEXT" value=".COM;.EXE;.BAT;.CMD;.VBS;.VBE;.JS;.JSE;.WSF;.WSH" />
    <property name="swt.available" value="true" />
    <property name="env.LOGONSERVER" value="\\TABLET02" />
    <property name="java.awt.printerjob" value="sun.awt.windows.WPrinterJob" />
    <property name="checkstyle.jar" value="checkstyle-all-4.3.jar" />
    <property name="system.name" value="myisern-xml" />
    <property name="ant.file.emma" value="C:\projects\svn-google\myisern-1-blue\emma.build.xml" />
    <property name="junit.jar" value="C:\javatools\junit-4.4.jar" />
    <property name="ant.version" value="Apache Ant version 1.7.0 compiled on December 13 2006" />
    <property name="env.USERDOMAIN" value="TABLET02" />
    <property name="swt-version" value="3.3" />
    <property name="env.PROCESSOR_LEVEL" value="6" />
    <property name="ant.file.build" value="C:\projects\svn-google\myisern-1-blue\build.xml" />
    <property name="env.windir" value="C:\WINDOWS" />
    <property name="jaxb.available" value="true" />
    <property name="env.CLASSPATH" value="C:\javatools\javancss28.49\javancss28.49\lib" />
    <property name="os.name" value="Windows XP" />
    <property name="java.specification.vendor" value="Sun Microsystems Inc." />
    <property name="javadoc.timestamp" value="21-Oct-2007 04:51:48" />
    <property name="env.TMP" value="C:\DOCUME~1\User\LOCALS~1\Temp" />
    <property name="java.vm.name" value="Java HotSpot(TM) Client VM" />
    <property name="env.OS" value="Windows_NT" />
    <property name="emma.available" value="true" />
    <property name="java.library.path" value="C:\Program Files\Java\jdk1.6.0_03\jre\bin;.;C:\WINDOWS\Sun\Java\bin;C:\WINDOWS\system32;C:\WINDOWS;C:\WINDOWS\system32;C:\WINDOWS;C:\WINDOWS\System32\Wbem;C:\Nokia\Update_Manager\bin;C:\Program Files\Real\Helix Producer Plus;C:\Program Files\Microsoft SQL Server\80\Tools\Binn\;C:\Program Files\Microsoft SQL Server\90\Tools\binn\;C:\Program Files\Microsoft SQL Server\90\DTS\Binn\;C:\Program Files\Microsoft SQL Server\90\Tools\Binn\VSShell\Common7\IDE\;C:\Program Files\Microsoft Visual Studio 8\Common7\IDE\PrivateAssemblies\;C:\Program Files\Cepstral\bin;c:\Program Files\Common Files\Adobe\AGL;C:\javatools\apache-ant-1.7.0-bin\apache-ant-1.7.0\bin;" />
    <property name="ant.java.version" value="1.6" />
    <property name="basedir" value="C:\projects\svn-google\myisern-1-blue" />
    <property name="java.class.version" value="50.0" />
    <property name="ant.home" value="C:\javatools\apache-ant-1.7.0-bin\apache-ant-1.7.0" />
    <property name="env.Path" value="C:\WINDOWS\system32;C:\WINDOWS;C:\WINDOWS\System32\Wbem;C:\Nokia\Update_Manager\bin;C:\Program Files\Real\Helix Producer Plus;C:\Program Files\Microsoft SQL Server\80\Tools\Binn\;C:\Program Files\Microsoft SQL Server\90\Tools\binn\;C:\Program Files\Microsoft SQL Server\90\DTS\Binn\;C:\Program Files\Microsoft SQL Server\90\Tools\Binn\VSShell\Common7\IDE\;C:\Program Files\Microsoft Visual Studio 8\Common7\IDE\PrivateAssemblies\;C:\Program Files\Cepstral\bin;c:\Program Files\Common Files\Adobe\AGL;C:\javatools\apache-ant-1.7.0-bin\apache-ant-1.7.0\bin;" />
    <property name="env.HOMEDRIVE" value="C:" />
    <property name="sun.boot.library.path" value="C:\Program Files\Java\jdk1.6.0_03\jre\bin" />
    <property name="build.dir" value="C:\projects\svn-google\myisern-1-blue\build" />
    <property name="env.PROCESSOR_REVISION" value="0e08" />
    <property name="sun.management.compiler" value="HotSpot Client Compiler" />
    <property name="pmd.dir" value="C:\projects\svn-google\myisern-1-blue\build\pmd" />
    <property name="java.awt.graphicsenv" value="sun.awt.Win32GraphicsEnvironment" />
    <property name="user.variant" value="" />
    <property name="ant.file.javadoc" value="C:\projects\svn-google\myisern-1-blue\javadoc.build.xml" />
    <property name="env.JAVANCSS_HOME" value="C:\javatools\javancss28.49\javancss28.49" />
    <property name="examples.dir" value="C:\projects\svn-google\myisern-1-blue\xml\examples" />
    <property name="junit.version" value="4.4" />
    <property name="emma.coverage.out.merge" value="true" />
    <property name="ant.project.name" value="verify" />
    <property name="schema.dir" value="C:\projects\svn-google\myisern-1-blue\xml\schema" />
    <property name="java.vm.specification.version" value="1.0" />
    <property name="awt.toolkit" value="sun.awt.windows.WToolkit" />
    <property name="sun.cpu.isalist" value="pentium_pro+mmx pentium_pro pentium+mmx pentium i486 i386 i86" />
    <property name="java.ext.dirs" value="C:\Program Files\Java\jdk1.6.0_03\jre\lib\ext;C:\WINDOWS\Sun\Java\lib\ext" />
    <property name="os.version" value="5.1" />
    <property name="user.home" value="C:\Documents and Settings\User" />
    <property name="java.vm.vendor" value="Sun Microsystems Inc." />
    <property name="env.JAVA_HOME" value="C:\Program Files\Java\jdk1.6.0_03" />
    <property name="user.dir" value="C:\projects\svn-google\myisern-1-blue" />
    <property name="ant.file.findbugs" value="C:\projects\svn-google\myisern-1-blue\findbugs.build.xml" />
    <property name="env.FP_NO_HOST_CHECK" value="NO" />
    <property name="sun.cpu.endian" value="little" />
    <property name="env._USE_CLASSPATH" value="yes" />
    <property name="env.ALLUSERSPROFILE" value="C:\Documents and Settings\All Users" />
    <property name="httpunit.available" value="true" />
    <property name="java.5.available" value="true" />
    <property name="ant.1.7.available" value="true" />
    <property name="env.PROCESSOR_ARCHITECTURE" value="x86" />
    <property name="java.vm.version" value="1.6.0_03-b05" />
    <property name="java.class.path" value="C:\projects\svn-google\myisern-1-blue\build\classes;C:\javatools\apache-ant-1.7.0-bin\apache-ant-1.7.0\lib\ant-launcher.jar;C:\javatools\javancss28.49\javancss28.49\lib;C:\javatools\apache-ant-1.7.0-bin\apache-ant-1.7.0\lib\ant-antlr.jar;C:\javatools\apache-ant-1.7.0-bin\apache-ant-1.7.0\lib\ant-apache-bcel.jar;C:\javatools\apache-ant-1.7.0-bin\apache-ant-1.7.0\lib\ant-apache-bsf.jar;C:\javatools\apache-ant-1.7.0-bin\apache-ant-1.7.0\lib\ant-apache-log4j.jar;C:\javatools\apache-ant-1.7.0-bin\apache-ant-1.7.0\lib\ant-apache-oro.jar;C:\javatools\apache-ant-1.7.0-bin\apache-ant-1.7.0\lib\ant-apache-regexp.jar;C:\javatools\apache-ant-1.7.0-bin\apache-ant-1.7.0\lib\ant-apache-resolver.jar;C:\javatools\apache-ant-1.7.0-bin\apache-ant-1.7.0\lib\ant-commons-logging.jar;C:\javatools\apache-ant-1.7.0-bin\apache-ant-1.7.0\lib\ant-commons-net.jar;C:\javatools\apache-ant-1.7.0-bin\apache-ant-1.7.0\lib\ant-jai.jar;C:\javatools\apache-ant-1.7.0-bin\apache-ant-1.7.0\lib\ant-javamail.jar;C:\javatools\apache-ant-1.7.0-bin\apache-ant-1.7.0\lib\ant-jdepend.jar;C:\javatools\apache-ant-1.7.0-bin\apache-ant-1.7.0\lib\ant-jmf.jar;C:\javatools\apache-ant-1.7.0-bin\apache-ant-1.7.0\lib\ant-jsch.jar;C:\javatools\apache-ant-1.7.0-bin\apache-ant-1.7.0\lib\ant-junit.jar;C:\javatools\apache-ant-1.7.0-bin\apache-ant-1.7.0\lib\ant-netrexx.jar;C:\javatools\apache-ant-1.7.0-bin\apache-ant-1.7.0\lib\ant-nodeps.jar;C:\javatools\apache-ant-1.7.0-bin\apache-ant-1.7.0\lib\ant-starteam.jar;C:\javatools\apache-ant-1.7.0-bin\apache-ant-1.7.0\lib\ant-stylebook.jar;C:\javatools\apache-ant-1.7.0-bin\apache-ant-1.7.0\lib\ant-swing.jar;C:\javatools\apache-ant-1.7.0-bin\apache-ant-1.7.0\lib\ant-testutil.jar;C:\javatools\apache-ant-1.7.0-bin\apache-ant-1.7.0\lib\ant-trax.jar;C:\javatools\apache-ant-1.7.0-bin\apache-ant-1.7.0\lib\ant-weblogic.jar;C:\javatools\apache-ant-1.7.0-bin\apache-ant-1.7.0\lib\ant.jar;C:\javatools\apache-ant-1.7.0-bin\apache-ant-1.7.0\lib\xercesImpl.jar;C:\javatools\apache-ant-1.7.0-bin\apache-ant-1.7.0\lib\xml-apis.jar;C:\Program Files\Java\jdk1.6.0_03\lib\tools.jar;C:\javatools\emma-2.0.5312\emma-2.0.5312\lib\emma.jar;C:\javatools\emma-2.0.5312\emma-2.0.5312\lib\emma_ant.jar;C:\javatools\junit-4.4.jar;c:\javatools\httpunit-1.6.2\httpunit-1.6.2\jars\Tidy.jar;c:\javatools\httpunit-1.6.2\httpunit-1.6.2\jars\js.jar;c:\javatools\httpunit-1.6.2\httpunit-1.6.2\jars\junit.jar;c:\javatools\httpunit-1.6.2\httpunit-1.6.2\jars\nekohtml.jar;c:\javatools\httpunit-1.6.2\httpunit-1.6.2\jars\servlet.jar;c:\javatools\httpunit-1.6.2\httpunit-1.6.2\jars\xercesImpl.jar;c:\javatools\httpunit-1.6.2\httpunit-1.6.2\jars\xmlParserAPIs.jar;c:\javatools\httpunit-1.6.2\httpunit-1.6.2\lib\httpunit.jar;C:\javatools\swt-3.3-win32-win32-x86\swt.jar" />
    <property name="env.HOMEPATH" value="\Documents and Settings\User" />
    <property name="DSTAMP" value="20071021" />
    <property name="checkstyle.failOnViolation" value="true" />
    <property name="ant.library.dir" value="C:\javatools\apache-ant-1.7.0-bin\apache-ant-1.7.0\lib" />
    <property name="os.arch" value="x86" />
    <property name="checkstyle.dir" value="C:\projects\svn-google\myisern-1-blue\build\checkstyle" />
    <property name="env.SESSIONNAME" value="Console" />
    <property name="junit.dir" value="C:\projects\svn-google\myisern-1-blue\build\junit" />
    <property name="sun.java.launcher" value="SUN_STANDARD" />
    <property name="env.CommonProgramFiles" value="C:\Program Files\Common Files" />
    <property name="httpunit.version" value="1.6.2" />
    <property name="ant.core.lib" value="C:\javatools\apache-ant-1.7.0-bin\apache-ant-1.7.0\lib\ant.jar" />
    <property name="env.ProgramFiles" value="C:\Program Files" />
    <property name="env.EMMA_HOME" value="C:\javatools\emma-2.0.5312\emma-2.0.5312" />
    <property name="java.vm.specification.vendor" value="Sun Microsystems Inc." />
    <property name="TSTAMP" value="1651" />
    <property name="file.separator" value="\" />
    <property name="minorVersionNumber" value="1" />
    <property name="javadoc.failonerror" value="true" />
    <property name="env.ANT_CMD_LINE_ARGS" value="-f verify.build.xml" />
    <property name="java.runtime.version" value="1.6.0_03-b05" />
    <property name="sun.boot.class.path" value="C:\Program Files\Java\jdk1.6.0_03\jre\lib\resources.jar;C:\Program Files\Java\jdk1.6.0_03\jre\lib\rt.jar;C:\Program Files\Java\jdk1.6.0_03\jre\lib\sunrsasign.jar;C:\Program Files\Java\jdk1.6.0_03\jre\lib\jsse.jar;C:\Program Files\Java\jdk1.6.0_03\jre\lib\jce.jar;C:\Program Files\Java\jdk1.6.0_03\jre\lib\charsets.jar;C:\Program Files\Java\jdk1.6.0_03\jre\classes" />
    <property name="env.ComSpec" value="C:\WINDOWS\system32\cmd.exe" />
    <property name="ant.file.junit" value="C:\projects\svn-google\myisern-1-blue\junit.build.xml" />
    <property name="emma.dir" value="C:\projects\svn-google\myisern-1-blue\build\emma" />
    <property name="env.TEMP" value="C:\DOCUME~1\User\LOCALS~1\Temp" />
    <property name="user.country" value="US" />
    <property name="env.ANT_HOME" value="C:\javatools\apache-ant-1.7.0-bin\apache-ant-1.7.0" />
    <property name="env.VS80COMNTOOLS" value="c:\Program Files\Microsoft Visual Studio 8\Common7\Tools\" />
    <property name="env.CLIENTNAME" value="Console" />
    <property name="checkstyle.version" value="4.3" />
    <property name="env.HTTPUNIT_HOME" value="c:\javatools\httpunit-1.6.2\httpunit-1.6.2\" />
    <property name="env.JUNIT_HOME" value="C:\javatools" />
    <property name="ant.file.checkstyle" value="C:\projects\svn-google\myisern-1-blue\checkstyle.build.xml" />
    <property name="env.JAXB_HOME" value="C:\javatools\jaxb-ri-20070917" />
    <property name="ant.file.verify" value="C:\projects\svn-google\myisern-1-blue\verify.build.xml" />
    <property name="java.vendor" value="Sun Microsystems Inc." />
    <property name="java.specification.version" value="1.6" />
    <property name="sun.arch.data.model" value="32" />
    <property name="env.lib" value="C:\Program Files\SQLXML 4.0\bin\" />
  </properties>
  <testcase classname="edu.hawaii.myisern.example.TestMyIsernGui" name="testDistanceBetweenTwoPoints" time="0.078" />
  <testcase classname="edu.hawaii.myisern.example.TestMyIsernGui" name="testCreateGui" time="1.828" />
  <system-out><![CDATA[EMMA: collecting runtime coverage data ...
**********DISTANCE:   7.280109889280518  ***************
]]></system-out>
  <system-err><![CDATA[]]></system-err>
</testsuite>
